2024-12-08 00:00:24.415 [INFO ][wal-file-archiver%null-#153][org.apache.ignite.internal.processors.cache.persistence.wal.FileWriteAheadLogManager] Copied file [src=/opt/ignite/ssd/wal/cell_1_node_1/0000000000000008.wal, dst=/opt/ignite/sas/wal_archive/cell_1_node_1/0000000039273678.wal]
2024-12-08 00:00:26.726 [INFO ][wal-file-archiver%null-#153][org.apache.ignite.internal.processors.cache.persistence.wal.FileWriteAheadLogManager] Starting to copy WAL segment [absIdx=39273679, segIdx=9, origFile=/opt/ignite/ssd/wal/cell_1_node_1/0000000000000009.wal, dstFile=/opt/ignite/sas/wal_archive/cell_1_node_1/0000000039273679.wal]
2024-12-08 00:00:26.726 [INFO ][grid-timeout-worker-#38][org.apache.ignite.internal.processors.cache.persistence.wal.FileWriteAheadLogManager] Rollover segment [39273679 to 39273680], recordType=null
2024-12-08 00:00:26.726 [INFO ][wal-file-cleaner%null-#154][org.apache.ignite.internal.processors.cache.persistence.wal.FileWriteAheadLogManager] Starting to clean WAL archive [highIdx=39273672, currSize=120.2 MB, maxSize=256.0 MB]
2024-12-08 00:00:26.729 [INFO ][wal-file-cleaner%null-#154][org.apache.ignite.internal.processors.cache.persistence.wal.FileWriteAheadLogManager] Finish clean WAL archive [cleanCnt=1, currSize=104.2 MB, maxSize=256.0 MB]
2024-12-08 00:00:26.742 [INFO ][wal-file-archiver%null-#153][org.apache.ignite.internal.processors.cache.persistence.wal.FileWriteAheadLogManager] Copied file [src=/opt/ignite/ssd/wal/cell_1_node_1/0000000000000009.wal, dst=/opt/ignite/sas/wal_archive/cell_1_node_1/0000000039273679.wal]
2024-12-08 00:00:28.907 [INFO ][grid-timeout-worker-#38][org.apache.ignite.internal.IgniteKernal] 
Metrics for local node (to disable set 'metricsLogFrequency' to 0)
    ^-- Node [id=e64daa13, uptime=28 days, 18:50:12.274]
    ^-- Cluster [hosts=4, CPUs=64, servers=4, clients=1, topVer=7, minorTopVer=0]
    ^-- Network [addrs=[10.104.66.84], discoPort=47500, commPort=47100]
    ^-- CPU [CPUs=16, curLoad=1.13%, avgLoad=5.78%, GC=0%]
    ^-- Heap [used=5208MB, free=36.42%, comm=8192MB]
    ^-- Outbound messages queue [size=0]
    ^-- Public thread pool [active=0, idle=0, qSize=0]
    ^-- System thread pool [active=0, idle=16, qSize=0]
    ^-- Striped thread pool [active=0, idle=16, qSize=0]
2024-12-08 00:00:28.907 [INFO ][grid-timeout-worker-#38][org.apache.ignite.internal.IgniteKernal] 
    ^--   sysMemPlc region [type=internal, persistence=true, lazyAlloc=false,
      ...  initCfg=40MB, maxCfg=100MB, usedRam=0MB, freeRam=99.78%, allocRam=100MB, allocTotal=0MB]
    ^--   default region [type=default, persistence=true, lazyAlloc=true,
      ...  initCfg=256MB, maxCfg=81920MB, usedRam=12345MB, freeRam=1.93%, allocRam=81920MB, allocTotal=317697MB]
    ^--   metastoreMemPlc region [type=internal, persistence=true, lazyAlloc=false,
      ...  initCfg=40MB, maxCfg=100MB, usedRam=0MB, freeRam=99.55%, allocRam=0MB, allocTotal=0MB]
    ^--   TxLog region [type=internal, persistence=true, lazyAlloc=false,
      ...  initCfg=40MB, maxCfg=100MB, usedRam=0MB, freeRam=100%, allocRam=100MB, allocTotal=0MB]
    ^--   volatileDsMemPlc region [type=user, persistence=false, lazyAlloc=true,
      ...  initCfg=40MB, maxCfg=100MB, usedRam=0MB, freeRam=100%, allocRam=0MB]

2024-12-08 00:00:28.907 [INFO ][grid-timeout-worker-#38][org.apache.ignite.internal.IgniteKernal] 

Data storage metrics for local node (to disable set 'metricsLogFrequency' to 0)
    ^-- Off-heap memory [used=80336MB, free=2.41%, allocated=82120MB]
    ^-- Page memory [pages=20327994]
    ^-- Ignite persistence [used=317698MB]

2024-12-08 00:00:30.660 [INFO ][wal-file-archiver%null-#153][org.apache.ignite.internal.processors.cache.persistence.wal.FileWriteAheadLogManager] Starting to copy WAL segment [absIdx=39273680, segIdx=0, origFile=/opt/ignite/ssd/wal/cell_1_node_1/0000000000000000.wal, dstFile=/opt/ignite/sas/wal_archive/cell_1_node_1/0000000039273680.wal]
2024-12-08 00:00:30.660 [INFO ][wal-file-cleaner%null-#154][org.apache.ignite.internal.processors.cache.persistence.wal.FileWriteAheadLogManager] Starting to clean WAL archive [highIdx=39273673, currSize=114.4 MB, maxSize=256.0 MB]
2024-12-08 00:00:30.663 [INFO ][wal-file-cleaner%null-#154][org.apache.ignite.internal.processors.cache.persistence.wal.FileWriteAheadLogManager] Finish clean WAL archive [cleanCnt=1, currSize=98.4 MB, maxSize=256.0 MB]
2024-12-08 00:00:30.688 [INFO ][wal-file-archiver%null-#153][org.apache.ignite.internal.processors.cache.persistence.wal.FileWriteAheadLogManager] Copied file [src=/opt/ignite/ssd/wal/cell_1_node_1/0000000000000000.wal, dst=/opt/ignite/sas/wal_archive/cell_1_node_1/0000000039273680.wal]
2024-12-08 00:00:30.727 [INFO ][db-checkpoint-thread-#166][org.apache.ignite.internal.processors.cache.persistence.checkpoint.Checkpointer] Checkpoint started [checkpointId=66384758-aab3-4ebc-85a9-b6eac493d263, startPtr=WALPointer [idx=39273681, fileOff=11572274, len=132474], checkpointBeforeLockTime=24ms, checkpointLockWait=11ms, checkpointListenersExecuteTime=10ms, checkpointLockHoldTime=11ms, walCpRecordFsyncDuration=10ms, writeCheckpointEntryDuration=2ms, splitAndSortCpPagesDuration=9ms, pages=13106, reason='too big size of WAL without checkpoint']
2024-12-08 00:00:31.416 [INFO ][wal-file-archiver%null-#153][org.apache.ignite.internal.processors.cache.persistence.wal.FileWriteAheadLogManager] Starting to copy WAL segment [absIdx=39273681, segIdx=1, origFile=/opt/ignite/ssd/wal/cell_1_node_1/0000000000000001.wal, dstFile=/opt/ignite/sas/wal_archive/cell_1_node_1/0000000039273681.wal]
2024-12-08 00:00:31.417 [INFO ][wal-file-cleaner%null-#154][org.apache.ignite.internal.processors.cache.persistence.wal.FileWriteAheadLogManager] Starting to clean WAL archive [highIdx=39273674, currSize=114.4 MB, maxSize=256.0 MB]
2024-12-08 00:00:31.419 [INFO ][wal-file-cleaner%null-#154][org.apache.ignite.internal.processors.cache.persistence.wal.FileWriteAheadLogManager] Finish clean WAL archive [cleanCnt=1, currSize=98.4 MB, maxSize=256.0 MB]
2024-12-08 00:00:31.437 [INFO ][wal-file-archiver%null-#153][org.apache.ignite.internal.processors.cache.persistence.wal.FileWriteAheadLogManager] Copied file [src=/opt/ignite/ssd/wal/cell_1_node_1/0000000000000001.wal, dst=/opt/ignite/sas/wal_archive/cell_1_node_1/0000000039273681.wal]
2024-12-08 00:00:31.536 [INFO ][db-checkpoint-thread-#166][org.apache.ignite.internal.processors.cache.persistence.checkpoint.Checkpointer] Checkpoint finished [cpId=66384758-aab3-4ebc-85a9-b6eac493d263, pages=13106, markPos=WALPointer [idx=39273681, fileOff=11572274, len=132474], walSegmentsCovered=[39273677 - 39273680], markDuration=32ms, pagesWrite=101ms, fsync=708ms, total=876ms]
2024-12-08 00:00:31.571 [INFO ][db-checkpoint-thread-#166][org.apache.ignite.internal.processors.cache.persistence.checkpoint.Checkpointer] Checkpoint started [checkpointId=430322d5-a02d-4a04-ab54-420183749b3d, startPtr=WALPointer [idx=39273682, fileOff=2092651, len=132474], checkpointBeforeLockTime=10ms, checkpointLockWait=0ms, checkpointListenersExecuteTime=8ms, checkpointLockHoldTime=9ms, walCpRecordFsyncDuration=3ms, writeCheckpointEntryDuration=1ms, splitAndSortCpPagesDuration=1ms, pages=1517, reason='too big size of WAL without checkpoint']
2024-12-08 00:00:31.639 [INFO ][db-checkpoint-thread-#166][org.apache.ignite.internal.processors.cache.persistence.checkpoint.Checkpointer] Checkpoint finished [cpId=430322d5-a02d-4a04-ab54-420183749b3d, pages=1517, markPos=WALPointer [idx=39273682, fileOff=2092651, len=132474], walSegmentsCovered=[39273681], markDuration=14ms, pagesWrite=12ms, fsync=56ms, total=92ms]
2024-12-08 00:00:34.264 [INFO ][wal-file-archiver%null-#153][org.apache.ignite.internal.processors.cache.persistence.wal.FileWriteAheadLogManager] Starting to copy WAL segment [absIdx=39273682, segIdx=2, origFile=/opt/ignite/ssd/wal/cell_1_node_1/0000000000000002.wal, dstFile=/opt/ignite/sas/wal_archive/cell_1_node_1/0000000039273682.wal]
2024-12-08 00:00:34.264 [INFO ][wal-file-cleaner%null-#154][org.apache.ignite.internal.processors.cache.persistence.wal.FileWriteAheadLogManager] Starting to clean WAL archive [highIdx=39273675, currSize=114.4 MB, maxSize=256.0 MB]
2024-12-08 00:00:34.266 [INFO ][wal-file-cleaner%null-#154][org.apache.ignite.internal.processors.cache.persistence.wal.FileWriteAheadLogManager] Finish clean WAL archive [cleanCnt=1, currSize=98.4 MB, maxSize=256.0 MB]
2024-12-08 00:00:34.286 [INFO ][wal-file-archiver%null-#153][org.apache.ignite.internal.processors.cache.persistence.wal.FileWriteAheadLogManager] Copied file [src=/opt/ignite/ssd/wal/cell_1_node_1/0000000000000002.wal, dst=/opt/ignite/sas/wal_archive/cell_1_node_1/0000000039273682.wal]
2024-12-08 00:00:36.729 [INFO ][wal-file-archiver%null-#153][org.apache.ignite.internal.processors.cache.persistence.wal.FileWriteAheadLogManager] Starting to copy WAL segment [absIdx=39273683, segIdx=3, origFile=/opt/ignite/ssd/wal/cell_1_node_1/0000000000000003.wal, dstFile=/opt/ignite/sas/wal_archive/cell_1_node_1/0000000039273683.wal]
2024-12-08 00:00:36.729 [INFO ][grid-timeout-worker-#38][org.apache.ignite.internal.processors.cache.persistence.wal.FileWriteAheadLogManager] Rollover segment [39273683 to 39273684], recordType=null
2024-12-08 00:00:36.749 [INFO ][wal-file-archiver%null-#153][org.apache.ignite.internal.processors.cache.persistence.wal.FileWriteAheadLogManager] Copied file [src=/opt/ignite/ssd/wal/cell_1_node_1/0000000000000003.wal, dst=/opt/ignite/sas/wal_archive/cell_1_node_1/0000000039273683.wal]
2024-12-08 00:00:40.073 [INFO ][wal-file-archiver%null-#153][org.apache.ignite.internal.processors.cache.persistence.wal.FileWriteAheadLogManager] Starting to copy WAL segment [absIdx=39273684, segIdx=4, origFile=/opt/ignite/ssd/wal/cell_1_node_1/0000000000000004.wal, dstFile=/opt/ignite/sas/wal_archive/cell_1_node_1/0000000039273684.wal]
2024-12-08 00:00:40.073 [INFO ][wal-file-cleaner%null-#154][org.apache.ignite.internal.processors.cache.persistence.wal.FileWriteAheadLogManager] Starting to clean WAL archive [highIdx=39273676, currSize=127.1 MB, maxSize=256.0 MB]
2024-12-08 00:00:40.074 [INFO ][wal-file-cleaner%null-#154][org.apache.ignite.internal.processors.cache.persistence.wal.FileWriteAheadLogManager] Finish clean WAL archive [cleanCnt=1, currSize=118.9 MB, maxSize=256.0 MB]
2024-12-08 00:00:40.074 [INFO ][wal-file-cleaner%null-#154][org.apache.ignite.internal.processors.cache.persistence.wal.FileWriteAheadLogManager] Starting to clean WAL archive [highIdx=39273677, currSize=118.9 MB, maxSize=256.0 MB]
2024-12-08 00:00:40.076 [INFO ][wal-file-cleaner%null-#154][org.apache.ignite.internal.processors.cache.persistence.wal.FileWriteAheadLogManager] Finish clean WAL archive [cleanCnt=1, currSize=102.9 MB, maxSize=256.0 MB]
2024-12-08 00:00:40.095 [INFO ][wal-file-archiver%null-#153][org.apache.ignite.internal.processors.cache.persistence.wal.FileWriteAheadLogManager] Copied file [src=/opt/ignite/ssd/wal/cell_1_node_1/0000000000000004.wal, dst=/opt/ignite/sas/wal_archive/cell_1_node_1/0000000039273684.wal]
2024-12-08 00:00:43.284 [INFO ][wal-file-archiver%null-#153][org.apache.ignite.internal.processors.cache.persistence.wal.FileWriteAheadLogManager] Starting to copy WAL segment [absIdx=39273685, segIdx=5, origFile=/opt/ignite/ssd/wal/cell_1_node_1/0000000000000005.wal, dstFile=/opt/ignite/sas/wal_archive/cell_1_node_1/0000000039273685.wal]
2024-12-08 00:00:43.284 [INFO ][wal-file-cleaner%null-#154][org.apache.ignite.internal.processors.cache.persistence.wal.FileWriteAheadLogManager] Starting to clean WAL archive [highIdx=39273678, currSize=118.9 MB, maxSize=256.0 MB]
2024-12-08 00:00:43.287 [INFO ][wal-file-cleaner%null-#154][org.apache.ignite.internal.processors.cache.persistence.wal.FileWriteAheadLogManager] Finish clean WAL archive [cleanCnt=1, currSize=102.9 MB, maxSize=256.0 MB]
2024-12-08 00:00:43.319 [INFO ][wal-file-archiver%null-#153][org.apache.ignite.internal.processors.cache.persistence.wal.FileWriteAheadLogManager] Copied file [src=/opt/ignite/ssd/wal/cell_1_node_1/0000000000000005.wal, dst=/opt/ignite/sas/wal_archive/cell_1_node_1/0000000039273685.wal]
2024-12-08 00:00:43.352 [INFO ][db-checkpoint-thread-#166][org.apache.ignite.internal.processors.cache.persistence.checkpoint.Checkpointer] Checkpoint started [checkpointId=1c6a87e7-212d-455c-a816-ce74228358ac, startPtr=WALPointer [idx=39273686, fileOff=12057016, len=132474], checkpointBeforeLockTime=23ms, checkpointLockWait=0ms, checkpointListenersExecuteTime=9ms, checkpointLockHoldTime=11ms, walCpRecordFsyncDuration=10ms, writeCheckpointEntryDuration=1ms, splitAndSortCpPagesDuration=12ms, pages=15456, reason='too big size of WAL without checkpoint']
2024-12-08 00:00:43.974 [INFO ][wal-file-archiver%null-#153][org.apache.ignite.internal.processors.cache.persistence.wal.FileWriteAheadLogManager] Starting to copy WAL segment [absIdx=39273686, segIdx=6, origFile=/opt/ignite/ssd/wal/cell_1_node_1/0000000000000006.wal, dstFile=/opt/ignite/sas/wal_archive/cell_1_node_1/0000000039273686.wal]
2024-12-08 00:00:43.975 [INFO ][wal-file-cleaner%null-#154][org.apache.ignite.internal.processors.cache.persistence.wal.FileWriteAheadLogManager] Starting to clean WAL archive [highIdx=39273679, currSize=118.9 MB, maxSize=256.0 MB]
2024-12-08 00:00:43.977 [INFO ][wal-file-cleaner%null-#154][org.apache.ignite.internal.processors.cache.persistence.wal.FileWriteAheadLogManager] Finish clean WAL archive [cleanCnt=1, currSize=102.9 MB, maxSize=256.0 MB]
2024-12-08 00:00:43.997 [INFO ][wal-file-archiver%null-#153][org.apache.ignite.internal.processors.cache.persistence.wal.FileWriteAheadLogManager] Copied file [src=/opt/ignite/ssd/wal/cell_1_node_1/0000000000000006.wal, dst=/opt/ignite/sas/wal_archive/cell_1_node_1/0000000039273686.wal]
2024-12-08 00:00:44.331 [INFO ][db-checkpoint-thread-#166][org.apache.ignite.internal.processors.cache.persistence.checkpoint.Checkpointer] Checkpoint finished [cpId=1c6a87e7-212d-455c-a816-ce74228358ac, pages=15456, markPos=WALPointer [idx=39273686, fileOff=12057016, len=132474], walSegmentsCovered=[39273682 - 39273685], markDuration=34ms, pagesWrite=129ms, fsync=850ms, total=1036ms]
2024-12-08 00:00:44.373 [INFO ][db-checkpoint-thread-#166][org.apache.ignite.internal.processors.cache.persistence.checkpoint.Checkpointer] Checkpoint started [checkpointId=a5bc1ca0-3b33-4839-9128-8d4a8ee7f51d, startPtr=WALPointer [idx=39273687, fileOff=7316911, len=132474], checkpointBeforeLockTime=13ms, checkpointLockWait=0ms, checkpointListenersExecuteTime=9ms, checkpointLockHoldTime=11ms, walCpRecordFsyncDuration=5ms, writeCheckpointEntryDuration=1ms, splitAndSortCpPagesDuration=1ms, pages=2642, reason='too big size of WAL without checkpoint']
2024-12-08 00:00:44.677 [INFO ][db-checkpoint-thread-#166][org.apache.ignite.internal.processors.cache.persistence.checkpoint.Checkpointer] Checkpoint finished [cpId=a5bc1ca0-3b33-4839-9128-8d4a8ee7f51d, pages=2642, markPos=WALPointer [idx=39273687, fileOff=7316911, len=132474], walSegmentsCovered=[39273686], markDuration=18ms, pagesWrite=24ms, fsync=279ms, total=334ms]
2024-12-08 00:00:46.001 [INFO ][wal-file-archiver%null-#153][org.apache.ignite.internal.processors.cache.persistence.wal.FileWriteAheadLogManager] Starting to copy WAL segment [absIdx=39273687, segIdx=7, origFile=/opt/ignite/ssd/wal/cell_1_node_1/0000000000000007.wal, dstFile=/opt/ignite/sas/wal_archive/cell_1_node_1/0000000039273687.wal]
2024-12-08 00:00:46.002 [INFO ][wal-file-cleaner%null-#154][org.apache.ignite.internal.processors.cache.persistence.wal.FileWriteAheadLogManager] Starting to clean WAL archive [highIdx=39273680, currSize=118.9 MB, maxSize=256.0 MB]
2024-12-08 00:00:46.003 [INFO ][wal-file-cleaner%null-#154][org.apache.ignite.internal.processors.cache.persistence.wal.FileWriteAheadLogManager] Finish clean WAL archive [cleanCnt=1, currSize=108.6 MB, maxSize=256.0 MB]
2024-12-08 00:00:46.023 [INFO ][wal-file-archiver%null-#153][org.apache.ignite.internal.processors.cache.persistence.wal.FileWriteAheadLogManager] Copied file [src=/opt/ignite/ssd/wal/cell_1_node_1/0000000000000007.wal, dst=/opt/ignite/sas/wal_archive/cell_1_node_1/0000000039273687.wal]
2024-12-08 00:00:46.726 [INFO ][wal-file-archiver%null-#153][org.apache.ignite.internal.processors.cache.persistence.wal.FileWriteAheadLogManager] Starting to copy WAL segment [absIdx=39273688, segIdx=8, origFile=/opt/ignite/ssd/wal/cell_1_node_1/0000000000000008.wal, dstFile=/opt/ignite/sas/wal_archive/cell_1_node_1/0000000039273688.wal]
2024-12-08 00:00:46.726 [INFO ][grid-timeout-worker-#38][org.apache.ignite.internal.processors.cache.persistence.wal.FileWriteAheadLogManager] Rollover segment [39273688 to 39273689], recordType=null
2024-12-08 00:00:46.733 [INFO ][wal-file-archiver%null-#153][org.apache.ignite.internal.processors.cache.persistence.wal.FileWriteAheadLogManager] Copied file [src=/opt/ignite/ssd/wal/cell_1_node_1/0000000000000008.wal, dst=/opt/ignite/sas/wal_archive/cell_1_node_1/0000000039273688.wal]
2024-12-08 00:00:49.909 [INFO ][wal-file-archiver%null-#153][org.apache.ignite.internal.processors.cache.persistence.wal.FileWriteAheadLogManager] Starting to copy WAL segment [absIdx=39273689, segIdx=9, origFile=/opt/ignite/ssd/wal/cell_1_node_1/0000000000000009.wal, dstFile=/opt/ignite/sas/wal_archive/cell_1_node_1/0000000039273689.wal]
2024-12-08 00:00:49.909 [INFO ][wal-file-cleaner%null-#154][org.apache.ignite.internal.processors.cache.persistence.wal.FileWriteAheadLogManager] Starting to clean WAL archive [highIdx=39273681, currSize=127.8 MB, maxSize=256.0 MB]
2024-12-08 00:00:49.911 [INFO ][wal-file-cleaner%null-#154][org.apache.ignite.internal.processors.cache.persistence.wal.FileWriteAheadLogManager] Finish clean WAL archive [cleanCnt=1, currSize=111.8 MB, maxSize=256.0 MB]
2024-12-08 00:00:49.930 [INFO ][wal-file-archiver%null-#153][org.apache.ignite.internal.processors.cache.persistence.wal.FileWriteAheadLogManager] Copied file [src=/opt/ignite/ssd/wal/cell_1_node_1/0000000000000009.wal, dst=/opt/ignite/sas/wal_archive/cell_1_node_1/0000000039273689.wal]
2024-12-08 00:00:53.546 [INFO ][wal-file-archiver%null-#153][org.apache.ignite.internal.processors.cache.persistence.wal.FileWriteAheadLogManager] Starting to copy WAL segment [absIdx=39273690, segIdx=0, origFile=/opt/ignite/ssd/wal/cell_1_node_1/0000000000000000.wal, dstFile=/opt/ignite/sas/wal_archive/cell_1_node_1/0000000039273690.wal]
2024-12-08 00:00:53.546 [INFO ][wal-file-cleaner%null-#154][org.apache.ignite.internal.processors.cache.persistence.wal.FileWriteAheadLogManager] Starting to clean WAL archive [highIdx=39273682, currSize=127.8 MB, maxSize=256.0 MB]
2024-12-08 00:00:53.548 [INFO ][wal-file-cleaner%null-#154][org.apache.ignite.internal.processors.cache.persistence.wal.FileWriteAheadLogManager] Finish clean WAL archive [cleanCnt=1, currSize=111.8 MB, maxSize=256.0 MB]
2024-12-08 00:00:53.568 [INFO ][wal-file-archiver%null-#153][org.apache.ignite.internal.processors.cache.persistence.wal.FileWriteAheadLogManager] Copied file [src=/opt/ignite/ssd/wal/cell_1_node_1/0000000000000000.wal, dst=/opt/ignite/sas/wal_archive/cell_1_node_1/0000000039273690.wal]
2024-12-08 00:00:53.592 [INFO ][db-checkpoint-thread-#166][org.apache.ignite.internal.processors.cache.persistence.checkpoint.Checkpointer] Checkpoint started [checkpointId=2ce114bf-14a2-4978-8abd-0de4ae7229f0, startPtr=WALPointer [idx=39273691, fileOff=10535772, len=132474], checkpointBeforeLockTime=19ms, checkpointLockWait=0ms, checkpointListenersExecuteTime=9ms, checkpointLockHoldTime=10ms, walCpRecordFsyncDuration=7ms, writeCheckpointEntryDuration=1ms, splitAndSortCpPagesDuration=9ms, pages=12029, reason='too big size of WAL without checkpoint']
2024-12-08 00:00:54.374 [INFO ][db-checkpoint-thread-#166][org.apache.ignite.internal.processors.cache.persistence.checkpoint.Checkpointer] Checkpoint finished [cpId=2ce114bf-14a2-4978-8abd-0de4ae7229f0, pages=12029, markPos=WALPointer [idx=39273691, fileOff=10535772, len=132474], walSegmentsCovered=[39273687 - 39273690], markDuration=27ms, pagesWrite=92ms, fsync=690ms, total=828ms]
2024-12-08 00:00:54.518 [INFO ][wal-file-archiver%null-#153][org.apache.ignite.internal.processors.cache.persistence.wal.FileWriteAheadLogManager] Starting to copy WAL segment [absIdx=39273691, segIdx=1, origFile=/opt/ignite/ssd/wal/cell_1_node_1/0000000000000001.wal, dstFile=/opt/ignite/sas/wal_archive/cell_1_node_1/0000000039273691.wal]
2024-12-08 00:00:54.519 [INFO ][wal-file-cleaner%null-#154][org.apache.ignite.internal.processors.cache.persistence.wal.FileWriteAheadLogManager] Starting to clean WAL archive [highIdx=39273683, currSize=127.8 MB, maxSize=256.0 MB]
2024-12-08 00:00:54.521 [INFO ][wal-file-cleaner%null-#154][org.apache.ignite.internal.processors.cache.persistence.wal.FileWriteAheadLogManager] Finish clean WAL archive [cleanCnt=1, currSize=111.8 MB, maxSize=256.0 MB]
2024-12-08 00:00:54.540 [INFO ][wal-file-archiver%null-#153][org.apache.ignite.internal.processors.cache.persistence.wal.FileWriteAheadLogManager] Copied file [src=/opt/ignite/ssd/wal/cell_1_node_1/0000000000000001.wal, dst=/opt/ignite/sas/wal_archive/cell_1_node_1/0000000039273691.wal]
2024-12-08 00:00:56.734 [INFO ][wal-file-archiver%null-#153][org.apache.ignite.internal.processors.cache.persistence.wal.FileWriteAheadLogManager] Starting to copy WAL segment [absIdx=39273692, segIdx=2, origFile=/opt/ignite/ssd/wal/cell_1_node_1/0000000000000002.wal, dstFile=/opt/ignite/sas/wal_archive/cell_1_node_1/0000000039273692.wal]
2024-12-08 00:00:56.734 [INFO ][grid-timeout-worker-#38][org.apache.ignite.internal.processors.cache.persistence.wal.FileWriteAheadLogManager] Rollover segment [39273692 to 39273693], recordType=null
2024-12-08 00:00:56.734 [INFO ][wal-file-cleaner%null-#154][org.apache.ignite.internal.processors.cache.persistence.wal.FileWriteAheadLogManager] Starting to clean WAL archive [highIdx=39273684, currSize=127.8 MB, maxSize=256.0 MB]
2024-12-08 00:00:56.736 [INFO ][wal-file-cleaner%null-#154][org.apache.ignite.internal.processors.cache.persistence.wal.FileWriteAheadLogManager] Finish clean WAL archive [cleanCnt=1, currSize=115.1 MB, maxSize=256.0 MB]
2024-12-08 00:00:56.749 [INFO ][wal-file-archiver%null-#153][org.apache.ignite.internal.processors.cache.persistence.wal.FileWriteAheadLogManager] Copied file [src=/opt/ignite/ssd/wal/cell_1_node_1/0000000000000002.wal, dst=/opt/ignite/sas/wal_archive/cell_1_node_1/0000000039273692.wal]
2024-12-08 00:00:58.912 [INFO ][grid-timeout-worker-#38][org.apache.ignite.internal.IgniteKernal] 
Metrics for local node (to disable set 'metricsLogFrequency' to 0)
    ^-- Node [id=e64daa13, uptime=28 days, 18:50:42.280]
    ^-- Cluster [hosts=4, CPUs=64, servers=4, clients=1, topVer=7, minorTopVer=0]
    ^-- Network [addrs=[10.104.66.84], discoPort=47500, commPort=47100]
    ^-- CPU [CPUs=16, curLoad=1.2%, avgLoad=5.78%, GC=0%]
    ^-- Heap [used=5880MB, free=28.21%, comm=8192MB]
    ^-- Outbound messages queue [size=0]
    ^-- Public thread pool [active=0, idle=0, qSize=0]
    ^-- System thread pool [active=0, idle=16, qSize=0]
    ^-- Striped thread pool [active=0, idle=16, qSize=0]
2024-12-08 00:00:58.912 [INFO ][grid-timeout-worker-#38][org.apache.ignite.internal.IgniteKernal] 
    ^--   sysMemPlc region [type=internal, persistence=true, lazyAlloc=false,
      ...  initCfg=40MB, maxCfg=100MB, usedRam=0MB, freeRam=99.78%, allocRam=100MB, allocTotal=0MB]
    ^--   default region [type=default, persistence=true, lazyAlloc=true,
      ...  initCfg=256MB, maxCfg=81920MB, usedRam=123456MB, freeRam=1.93%, allocRam=81920MB, allocTotal=317697MB]
    ^--   metastoreMemPlc region [type=internal, persistence=true, lazyAlloc=false,
      ...  initCfg=40MB, maxCfg=100MB, usedRam=0MB, freeRam=99.55%, allocRam=0MB, allocTotal=0MB]
    ^--   TxLog region [type=internal, persistence=true, lazyAlloc=false,
      ...  initCfg=40MB, maxCfg=100MB, usedRam=0MB, freeRam=100%, allocRam=100MB, allocTotal=0MB]
    ^--   volatileDsMemPlc region [type=user, persistence=false, lazyAlloc=true,
      ...  initCfg=40MB, maxCfg=100MB, usedRam=0MB, freeRam=100%, allocRam=0MB]

2024-12-08 00:00:58.912 [INFO ][grid-timeout-worker-#38][org.apache.ignite.internal.IgniteKernal] 

Data storage metrics for local node (to disable set 'metricsLogFrequency' to 0)
    ^-- Off-heap memory [used=80336MB, free=2.41%, allocated=82120MB]
    ^-- Page memory [pages=20327994]
    ^-- Ignite persistence [used=317698MB]

2024-12-08 00:01:00.286 [INFO ][wal-file-archiver%null-#153][org.apache.ignite.internal.processors.cache.persistence.wal.FileWriteAheadLogManager] Starting to copy WAL segment [absIdx=39273693, segIdx=3, origFile=/opt/ignite/ssd/wal/cell_1_node_1/0000000000000003.wal, dstFile=/opt/ignite/sas/wal_archive/cell_1_node_1/0000000039273693.wal]
2024-12-08 00:01:00.286 [INFO ][wal-file-cleaner%null-#154][org.apache.ignite.internal.processors.cache.persistence.wal.FileWriteAheadLogManager] Starting to clean WAL archive [highIdx=39273685, currSize=125.5 MB, maxSize=256.0 MB]
2024-12-08 00:01:00.288 [INFO ][wal-file-cleaner%null-#154][org.apache.ignite.internal.processors.cache.persistence.wal.FileWriteAheadLogManager] Finish clean WAL archive [cleanCnt=1, currSize=109.5 MB, maxSize=256.0 MB]
2024-12-08 00:01:00.308 [INFO ][wal-file-archiver%null-#153][org.apache.ignite.internal.processors.cache.persistence.wal.FileWriteAheadLogManager] Copied file [src=/opt/ignite/ssd/wal/cell_1_node_1/0000000000000003.wal, dst=/opt/ignite/sas/wal_archive/cell_1_node_1/0000000039273693.wal]
2024-12-08 00:01:03.348 [INFO ][wal-file-archiver%null-#153][org.apache.ignite.internal.processors.cache.persistence.wal.FileWriteAheadLogManager] Starting to copy WAL segment [absIdx=39273694, segIdx=4, origFile=/opt/ignite/ssd/wal/cell_1_node_1/0000000000000004.wal, dstFile=/opt/ignite/sas/wal_archive/cell_1_node_1/0000000039273694.wal]
